\BOOKMARK [0][-]{chapter*.1}{\376\377\000P\000r\000e\000f\000a\000c\000e}{}% 1
\BOOKMARK [0][-]{chapter.1}{\376\377\000C\000h\000a\000p\000t\000e\000r\000\040\0001\000.\000\040\000P\000y\000t\000h\000a\000g\000o\000r\000e\000a\000n\000\040\000T\000h\000e\000o\000r\000e\000m}{}% 2
\BOOKMARK [0][-]{chapter.2}{\376\377\000C\000h\000a\000p\000t\000e\000r\000\040\0002\000.\000\040\000O\000b\000j\000e\000c\000t\000s\000\040\000o\000f\000\040\000G\000e\000o\000m\000e\000t\000r\000y}{}% 3
\BOOKMARK [0][-]{chapter.3}{\376\377\000C\000h\000a\000p\000t\000e\000r\000\040\0003\000.\000\040\000L\000i\000n\000e\000s}{}% 4
\BOOKMARK [1][-]{section.3.1}{\376\377\0001\000.\000\040\000L\000i\000n\000e\000s\000\040\000w\000i\000t\000h\000\040\000C\000o\000o\000r\000d\000i\000n\000a\000t\000e\000s}{chapter.3}% 5
\BOOKMARK [1][-]{section.3.2}{\376\377\0002\000.\000\040\000V\000e\000c\000t\000o\000r\000s}{chapter.3}% 6
\BOOKMARK [1][-]{section.3.3}{\376\377\0003\000.\000\040\000P\000a\000r\000a\000m\000e\000t\000r\000i\000c\000\040\000L\000i\000n\000e\000s}{chapter.3}% 7
\BOOKMARK [1][-]{section.3.4}{\376\377\0004\000.\000\040\000L\000i\000n\000e\000s\000\040\000w\000i\000t\000h\000o\000u\000t\000\040\000C\000o\000o\000r\000d\000i\000n\000a\000t\000e\000s}{chapter.3}% 8
\BOOKMARK [0][-]{chapter.4}{\376\377\000C\000h\000a\000p\000t\000e\000r\000\040\0004\000.\000\040\000A\000n\000g\000l\000e\000s\000\040\000a\000n\000d\000\040\000P\000o\000l\000y\000g\000o\000n\000s}{}% 9
\BOOKMARK [1][-]{section.4.1}{\376\377\0001\000.\000\040\000T\000r\000i\000a\000n\000g\000l\000e\000s}{chapter.4}% 10
\BOOKMARK [1][-]{section.4.2}{\376\377\0002\000.\000\040\000P\000o\000l\000y\000g\000o\000n\000s}{chapter.4}% 11
\BOOKMARK [0][-]{chapter.5}{\376\377\000C\000h\000a\000p\000t\000e\000r\000\040\0005\000.\000\040\000I\000n\000\040\000D\000e\000p\000t\000h\000\040\000w\000i\000t\000h\000\040\000T\000r\000i\000a\000n\000g\000l\000e\000s}{}% 12
\BOOKMARK [1][-]{section.5.1}{\376\377\0001\000.\000\040\000C\000o\000n\000g\000r\000u\000e\000n\000t\000\040\000T\000r\000i\000a\000n\000g\000l\000e\000s}{chapter.5}% 13
\BOOKMARK [1][-]{section.5.2}{\376\377\0002\000.\000\040\000P\000o\000i\000n\000t\000s\000\040\000o\000f\000\040\000C\000o\000n\000c\000u\000r\000r\000e\000n\000c\000y}{chapter.5}% 14
\BOOKMARK [0][-]{chapter.6}{\376\377\000C\000h\000a\000p\000t\000e\000r\000\040\0006\000.\000\040\000Q\000u\000a\000d\000r\000i\000l\000a\000t\000e\000r\000a\000l\000s}{}% 15
\BOOKMARK [0][-]{chapter.7}{\376\377\000C\000h\000a\000p\000t\000e\000r\000\040\0007\000.\000\040\000M\000o\000r\000e\000\040\000C\000o\000o\000r\000d\000i\000n\000a\000t\000e\000\040\000G\000e\000o\000m\000e\000t\000r\000y}{}% 16
\BOOKMARK [0][-]{chapter.8}{\376\377\000C\000h\000a\000p\000t\000e\000r\000\040\0008\000.\000\040\000I\000s\000o\000m\000e\000t\000r\000i\000e\000s}{}% 17
\BOOKMARK [1][-]{section.8.1}{\376\377\0001\000.\000\040\000T\000r\000a\000n\000s\000l\000a\000t\000i\000o\000n\000s}{chapter.8}% 18
\BOOKMARK [1][-]{section.8.2}{\376\377\0002\000.\000\040\000R\000o\000t\000a\000t\000i\000o\000n\000s}{chapter.8}% 19
\BOOKMARK [1][-]{section.8.3}{\376\377\0003\000.\000\040\000R\000e\000f\000l\000e\000c\000t\000i\000o\000n\000s}{chapter.8}% 20
\BOOKMARK [1][-]{section.8.4}{\376\377\0004\000.\000\040\000G\000l\000i\000d\000e\000\040\000R\000e\000f\000l\000e\000c\000t\000i\000o\000n\000s}{chapter.8}% 21
\BOOKMARK [1][-]{section.8.5}{\376\377\0005\000.\000\040\000C\000o\000m\000p\000o\000s\000i\000t\000i\000o\000n\000\040\000o\000f\000\040\000I\000s\000o\000m\000e\000t\000r\000i\000e\000s}{chapter.8}% 22
\BOOKMARK [1][-]{section.8.6}{\376\377\0006\000.\000\040\000S\000y\000m\000m\000e\000t\000r\000i\000e\000s}{chapter.8}% 23
\BOOKMARK [0][-]{chapter.9}{\376\377\000C\000h\000a\000p\000t\000e\000r\000\040\0009\000.\000\040\000S\000i\000m\000i\000l\000a\000r\000i\000t\000y}{}% 24
\BOOKMARK [0][-]{chapter.10}{\376\377\000C\000h\000a\000p\000t\000e\000r\000\040\0001\0000\000.\000\040\000T\000r\000i\000g\000o\000n\000o\000m\000e\000t\000r\000y}{}% 25
\BOOKMARK [0][-]{chapter.11}{\376\377\000C\000h\000a\000p\000t\000e\000r\000\040\0001\0001\000.\000\040\000A\000r\000e\000a}{}% 26
\BOOKMARK [0][-]{chapter.12}{\376\377\000C\000h\000a\000p\000t\000e\000r\000\040\0001\0002\000.\000\040\000V\000o\000l\000u\000m\000e\000\040\000a\000n\000d\000\040\0003\000\040\000s\000p\000a\000c\000e}{}% 27
\BOOKMARK [0][-]{chapter.13}{\376\377\000C\000h\000a\000p\000t\000e\000r\000\040\0001\0003\000.\000\040\000C\000i\000r\000c\000l\000e\000s}{}% 28
\BOOKMARK [0][-]{chapter.14}{\376\377\000C\000h\000a\000p\000t\000e\000r\000\040\0001\0004\000.\000\040\000A\000n\000s\000w\000e\000r\000s}{}% 29
