\BOOKMARK [0][-]{chapter*.1}{\376\377\000P\000r\000e\000f\000a\000c\000e}{}% 1
\BOOKMARK [0][-]{chapter.1}{\376\377\000C\000h\000a\000p\000t\000e\000r\000\040\0001\000.\000\040\000L\000o\000g\000i\000c\000\040\000\046\000\040\000S\000e\000t\000s}{}% 2
\BOOKMARK [1][-]{section.1.1}{\376\377\0001\000.\000\040\000S\000e\000t\000\040\000N\000o\000t\000a\000t\000i\000o\000n}{chapter.1}% 3
\BOOKMARK [1][-]{section.1.2}{\376\377\0002\000.\000\040\000O\000p\000e\000r\000a\000t\000i\000o\000n\000s\000\040\000w\000i\000t\000h\000\040\000S\000e\000t\000s\000\040\000a\000n\000d\000\040\000V\000e\000n\000n\000\040\000D\000i\000a\000g\000r\000a\000m\000s}{chapter.1}% 4
\BOOKMARK [1][-]{section.1.3}{\376\377\0003\000.\000\040\000P\000i\000g\000e\000o\000n\000\040\000H\000o\000l\000e\000\040\000P\000r\000i\000n\000c\000i\000p\000l\000e}{chapter.1}% 5
\BOOKMARK [0][-]{chapter.2}{\376\377\000C\000h\000a\000p\000t\000e\000r\000\040\0002\000.\000\040\000C\000o\000m\000b\000i\000n\000a\000t\000o\000r\000i\000c\000s}{}% 6
\BOOKMARK [1][-]{section.2.1}{\376\377\0001\000.\000\040\000M\000u\000l\000t\000i\000p\000l\000i\000c\000a\000t\000i\000o\000n\000\040\000P\000r\000i\000n\000c\000i\000p\000l\000e}{chapter.2}% 7
\BOOKMARK [1][-]{section.2.2}{\376\377\0002\000.\000\040\000A\000d\000d\000i\000t\000i\000o\000n\000\040\000P\000r\000i\000n\000c\000i\000p\000l\000e}{chapter.2}% 8
\BOOKMARK [1][-]{section.2.3}{\376\377\0003\000.\000\040\000C\000o\000m\000p\000l\000e\000m\000e\000n\000t\000s}{chapter.2}% 9
\BOOKMARK [1][-]{section.2.4}{\376\377\0004\000.\000\040\000P\000e\000r\000m\000u\000t\000a\000t\000i\000o\000n\000s}{chapter.2}% 10
\BOOKMARK [1][-]{section.2.5}{\376\377\0005\000.\000\040\000C\000o\000m\000b\000i\000n\000a\000t\000i\000o\000n\000s}{chapter.2}% 11
\BOOKMARK [0][-]{chapter.3}{\376\377\000C\000h\000a\000p\000t\000e\000r\000\040\0003\000.\000\040\000P\000r\000o\000b\000a\000b\000i\000l\000i\000t\000y}{}% 12
\BOOKMARK [1][-]{section.3.1}{\376\377\0001\000.\000\040\000B\000a\000s\000i\000c\000\040\000P\000r\000o\000b\000a\000b\000i\000l\000i\000t\000y}{chapter.3}% 13
\BOOKMARK [1][-]{section.3.2}{\376\377\0002\000.\000\040\000I\000n\000d\000e\000p\000e\000n\000d\000e\000n\000t\000\040\000E\000v\000e\000n\000t\000s}{chapter.3}% 14
\BOOKMARK [1][-]{section.3.3}{\376\377\0003\000.\000\040\000C\000o\000n\000d\000i\000t\000i\000o\000n\000a\000l\000\040\000P\000r\000o\000b\000a\000b\000i\000l\000i\000t\000y}{chapter.3}% 15
\BOOKMARK [1][-]{section.3.4}{\376\377\0004\000.\000\040\000B\000a\000y\000e\000s\000'\000\040\000T\000h\000e\000o\000r\000e\000m}{chapter.3}% 16
\BOOKMARK [1][-]{section.3.5}{\376\377\0005\000.\000\040\000B\000i\000n\000o\000m\000i\000a\000l\000\040\000P\000r\000o\000b\000a\000b\000i\000l\000i\000t\000y}{chapter.3}% 17
\BOOKMARK [1][-]{section.3.6}{\376\377\0006\000.\000\040\000E\000x\000p\000e\000c\000t\000e\000d\000\040\000V\000a\000l\000u\000e}{chapter.3}% 18
\BOOKMARK [0][-]{chapter.4}{\376\377\000C\000h\000a\000p\000t\000e\000r\000\040\0004\000.\000\040\000A\000n\000s\000w\000e\000r\000s}{}% 19
\BOOKMARK [0][-]{chapter*.16}{\376\377\000B\000i\000b\000l\000i\000o\000g\000r\000a\000p\000h\000y}{}% 20
