\BOOKMARK [0][-]{chapter*.1}{\376\377\000P\000r\000e\000f\000a\000c\000e}{}% 1
\BOOKMARK [0][-]{chapter.1}{\376\377\000C\000h\000a\000p\000t\000e\000r\000\040\0001\000.\000\040\000F\000u\000n\000c\000t\000i\000o\000n\000s\000\040\000a\000n\000d\000\040\000O\000t\000h\000e\000r\000\040\000M\000i\000s\000c\000e\000l\000l\000a\000n\000e\000o\000u\000s\000\040\000C\000o\000n\000t\000e\000n\000t}{}% 2
\BOOKMARK [1][-]{section.1.1}{\376\377\0001\000.\000\040\000S\000e\000t\000\040\000N\000o\000t\000a\000t\000i\000o\000n\000\040\000a\000n\000d\000\040\000N\000u\000m\000b\000e\000r\000s}{chapter.1}% 3
\BOOKMARK [1][-]{section.1.2}{\376\377\0002\000.\000\040\000W\000o\000r\000k\000i\000n\000g\000\040\000w\000i\000t\000h\000\040\000I\000n\000e\000q\000u\000a\000l\000i\000t\000i\000e\000s}{chapter.1}% 4
\BOOKMARK [1][-]{section.1.3}{\376\377\0003\000.\000\040\000P\000o\000l\000y\000n\000o\000m\000i\000a\000l\000s}{chapter.1}% 5
\BOOKMARK [1][-]{section.1.4}{\376\377\0004\000.\000\040\000T\000r\000i\000g\000o\000n\000o\000m\000e\000t\000r\000i\000c\000\040\000F\000u\000n\000c\000t\000i\000o\000n\000s}{chapter.1}% 6
\BOOKMARK [1][-]{section.1.5}{\376\377\0005\000.\000\040\000M\000i\000s\000c\000e\000l\000l\000a\000n\000e\000o\000u\000s}{chapter.1}% 7
\BOOKMARK [0][-]{chapter.2}{\376\377\000C\000h\000a\000p\000t\000e\000r\000\040\0002\000.\000\040\000L\000i\000m\000i\000t\000s\000\040\000a\000n\000d\000\040\000C\000o\000n\000t\000i\000n\000u\000i\000t\000y}{}% 8
\BOOKMARK [1][-]{section.2.1}{\376\377\0001\000.\000\040\000I\000n\000t\000u\000i\000t\000i\000v\000e\000\040\000N\000o\000t\000i\000o\000n}{chapter.2}% 9
\BOOKMARK [1][-]{section.2.2}{\376\377\0002\000.\000\040\000E\000p\000s\000i\000l\000o\000n\000\040\000a\000n\000d\000\040\000D\000e\000l\000t\000a}{chapter.2}% 10
\BOOKMARK [1][-]{section.2.3}{\376\377\0003\000.\000\040\000C\000o\000n\000t\000i\000n\000u\000i\000t\000y}{chapter.2}% 11
\BOOKMARK [1][-]{section.2.4}{\376\377\0004\000.\000\040\000I\000n\000t\000e\000r\000m\000e\000d\000i\000a\000t\000e\000\040\000V\000a\000l\000u\000e\000\040\000T\000h\000e\000o\000r\000e\000m}{chapter.2}% 12
\BOOKMARK [0][-]{chapter.3}{\376\377\000C\000h\000a\000p\000t\000e\000r\000\040\0003\000.\000\040\000T\000h\000e\000\040\000D\000e\000r\000i\000v\000a\000t\000i\000v\000e}{}% 13
\BOOKMARK [1][-]{section.3.1}{\376\377\0001\000.\000\040\000L\000i\000m\000i\000t\000\040\000D\000e\000f\000i\000n\000i\000t\000i\000o\000n\000\040\000a\000n\000d\000\040\000P\000r\000o\000p\000e\000r\000t\000i\000e\000s\000\040\000o\000f\000\040\000t\000h\000e\000\040\000D\000e\000r\000i\000v\000a\000t\000i\000v\000e}{chapter.3}% 14
\BOOKMARK [1][-]{section.3.2}{\376\377\0002\000.\000\040\000T\000a\000n\000g\000e\000n\000t\000\040\000L\000i\000n\000e\000\040\000P\000r\000o\000b\000l\000e\000m}{chapter.3}% 15
\BOOKMARK [1][-]{section.3.3}{\376\377\0003\000.\000\040\000H\000i\000g\000h\000e\000r\000\040\000O\000r\000d\000e\000r\000\040\000D\000e\000r\000i\000v\000a\000t\000i\000v\000e\000s}{chapter.3}% 16
\BOOKMARK [1][-]{section.3.4}{\376\377\0004\000.\000\040\000P\000o\000w\000e\000r\000\040\000R\000u\000l\000e\000\040\000a\000n\000d\000\040\000o\000t\000h\000e\000r\000s}{chapter.3}% 17
\BOOKMARK [1][-]{section.3.5}{\376\377\0005\000.\000\040\000I\000m\000p\000l\000i\000c\000i\000t\000\040\000D\000i\000f\000f\000e\000r\000e\000n\000t\000i\000a\000t\000i\000o\000n}{chapter.3}% 18
\BOOKMARK [0][-]{chapter.4}{\376\377\000C\000h\000a\000p\000t\000e\000r\000\040\0004\000.\000\040\000A\000p\000p\000l\000i\000c\000a\000t\000i\000o\000n\000s\000\040\000o\000f\000\040\000t\000h\000e\000\040\000D\000e\000r\000i\000v\000a\000t\000i\000v\000e}{}% 19
\BOOKMARK [1][-]{section.4.1}{\376\377\0001\000.\000\040\000R\000e\000l\000a\000t\000e\000d\000\040\000R\000a\000t\000e\000s}{chapter.4}% 20
\BOOKMARK [1][-]{section.4.2}{\376\377\0002\000.\000\040\000M\000e\000a\000n\000\040\000V\000a\000l\000u\000e\000\040\000T\000h\000e\000o\000r\000e\000m}{chapter.4}% 21
\BOOKMARK [1][-]{section.4.3}{\376\377\0003\000.\000\040\000M\000a\000x\000i\000m\000u\000m\000s\000\040\000a\000n\000d\000\040\000M\000i\000n\000i\000m\000u\000m\000s}{chapter.4}% 22
\BOOKMARK [1][-]{section.4.4}{\376\377\0004\000.\000\040\000O\000p\000t\000i\000m\000i\000z\000a\000t\000i\000o\000n\000\040\000a\000n\000d\000\040\000G\000r\000a\000p\000h\000i\000n\000g}{chapter.4}% 23
\BOOKMARK [0][-]{chapter.5}{\376\377\000C\000h\000a\000p\000t\000e\000r\000\040\0005\000.\000\040\000T\000h\000e\000\040\000I\000n\000t\000e\000g\000r\000a\000l}{}% 24
\BOOKMARK [1][-]{section.5.1}{\376\377\0001\000.\000\040\000S\000e\000r\000i\000e\000s}{chapter.5}% 25
\BOOKMARK [1][-]{section.5.2}{\376\377\0002\000.\000\040\000R\000i\000e\000m\000a\000n\000n\000\040\000S\000u\000m\000s}{chapter.5}% 26
\BOOKMARK [1][-]{section.5.3}{\376\377\0003\000.\000\040\000R\000i\000e\000m\000a\000n\000n\000\040\000I\000n\000t\000e\000g\000r\000a\000b\000l\000e}{chapter.5}% 27
\BOOKMARK [1][-]{section.5.4}{\376\377\0004\000.\000\040\000P\000r\000o\000p\000e\000r\000t\000i\000e\000s\000\040\000o\000f\000\040\000t\000h\000e\000\040\000I\000n\000t\000e\000g\000r\000a\000l}{chapter.5}% 28
\BOOKMARK [0][-]{chapter.6}{\376\377\000C\000h\000a\000p\000t\000e\000r\000\040\0006\000.\000\040\000T\000h\000e\000\040\000F\000u\000n\000d\000a\000m\000e\000n\000t\000a\000l\000\040\000T\000h\000e\000o\000r\000e\000m\000\040\000o\000f\000\040\000C\000a\000l\000c\000u\000l\000u\000s}{}% 29
\BOOKMARK [1][-]{section.6.1}{\376\377\0001\000.\000\040\000A\000n\000t\000i\000-\000D\000e\000r\000i\000v\000a\000t\000i\000v\000e\000s}{chapter.6}% 30
\BOOKMARK [1][-]{section.6.2}{\376\377\0002\000.\000\040\000F\000T\000C\000\040\000p\000a\000r\000t\000\040\000I}{chapter.6}% 31
\BOOKMARK [1][-]{section.6.3}{\376\377\0003\000.\000\040\000F\000T\000C\000\040\000p\000a\000r\000t\000\040\0002}{chapter.6}% 32
\BOOKMARK [1][-]{section.6.4}{\376\377\0004\000.\000\040\000F\000u\000n\000c\000t\000i\000o\000n\000s\000\040\000D\000e\000f\000i\000n\000e\000d\000\040\000b\000y\000\040\000a\000n\000\040\000I\000n\000t\000e\000g\000r\000a\000l}{chapter.6}% 33
\BOOKMARK [1][-]{section.6.5}{\376\377\0005\000.\000\040\000I\000n\000t\000e\000g\000r\000a\000l\000\040\000a\000s\000\040\000A\000c\000c\000u\000m\000u\000l\000a\000t\000o\000r}{chapter.6}% 34
\BOOKMARK [1][-]{section.6.6}{\376\377\0006\000.\000\040\000U\000\040\000S\000u\000b\000s\000t\000i\000t\000u\000t\000i\000o\000n}{chapter.6}% 35
\BOOKMARK [1][-]{section.6.7}{\376\377\0007\000.\000\040\000P\000r\000o\000b\000a\000b\000i\000l\000i\000t\000y\000\040\000D\000i\000s\000t\000r\000i\000b\000u\000t\000i\000o\000n\000s}{chapter.6}% 36
\BOOKMARK [0][-]{chapter.7}{\376\377\000C\000h\000a\000p\000t\000e\000r\000\040\0007\000.\000\040\000L\000o\000g\000a\000r\000i\000t\000h\000m\000s\000,\000\040\000E\000x\000p\000o\000n\000e\000n\000t\000i\000a\000l\000s\000,\000\040\000a\000n\000d\000\040\000I\000n\000v\000e\000r\000s\000e\000s}{}% 37
\BOOKMARK [1][-]{section.7.1}{\376\377\0001\000.\000\040\000L\000o\000g\000a\000r\000i\000t\000h\000m\000s}{chapter.7}% 38
\BOOKMARK [1][-]{section.7.2}{\376\377\0002\000.\000\040\000I\000n\000v\000e\000r\000s\000e\000\040\000F\000u\000n\000c\000t\000i\000o\000n\000s}{chapter.7}% 39
\BOOKMARK [1][-]{section.7.3}{\376\377\0003\000.\000\040\000E\000x\000p\000o\000n\000e\000n\000t\000i\000a\000l\000s}{chapter.7}% 40
\BOOKMARK [1][-]{section.7.4}{\376\377\0004\000.\000\040\000I\000n\000v\000e\000r\000s\000e\000\040\000T\000r\000i\000g\000o\000n\000o\000m\000e\000t\000r\000i\000c\000\040\000F\000u\000n\000c\000t\000i\000o\000n\000s}{chapter.7}% 41
\BOOKMARK [1][-]{section.7.5}{\376\377\0005\000.\000\040\000H\000y\000p\000e\000r\000b\000o\000l\000i\000c\000\040\000T\000r\000i\000g\000o\000n\000o\000m\000e\000t\000r\000i\000c\000\040\000F\000u\000n\000c\000t\000i\000o\000n\000s}{chapter.7}% 42
\BOOKMARK [0][-]{chapter.8}{\376\377\000C\000h\000a\000p\000t\000e\000r\000\040\0008\000.\000\040\000M\000e\000t\000h\000o\000d\000s\000\040\000o\000f\000\040\000I\000n\000t\000e\000g\000r\000a\000t\000i\000o\000n}{}% 43
\BOOKMARK [1][-]{section.8.1}{\376\377\0001\000.\000\040\000I\000n\000t\000e\000g\000r\000a\000t\000i\000o\000n\000\040\000b\000y\000\040\000P\000a\000r\000t\000s}{chapter.8}% 44
\BOOKMARK [1][-]{section.8.2}{\376\377\0002\000.\000\040\000M\000e\000t\000h\000o\000d\000\040\000o\000f\000\040\000P\000a\000r\000t\000i\000a\000l\000\040\000F\000r\000a\000c\000t\000i\000o\000n\000s}{chapter.8}% 45
\BOOKMARK [1][-]{section.8.3}{\376\377\0003\000.\000\040\000T\000r\000i\000g\000o\000n\000o\000m\000e\000t\000r\000i\000c\000\040\000S\000u\000b\000s\000t\000i\000t\000u\000t\000i\000o\000n\000s}{chapter.8}% 46
\BOOKMARK [1][-]{section.8.4}{\376\377\0004\000.\000\040\000I\000m\000p\000r\000o\000p\000e\000r\000\040\000I\000n\000t\000e\000g\000r\000a\000l\000s}{chapter.8}% 47
\BOOKMARK [0][-]{chapter.9}{\376\377\000C\000h\000a\000p\000t\000e\000r\000\040\0009\000.\000\040\000D\000i\000f\000f\000e\000r\000e\000n\000t\000i\000a\000l\000\040\000E\000q\000u\000a\000t\000i\000o\000n\000s}{}% 48
\BOOKMARK [1][-]{section.9.1}{\376\377\0001\000.\000\040\000S\000l\000o\000p\000e\000\040\000F\000i\000e\000l\000d\000s\000\040\000a\000n\000d\000\040\000E\000u\000l\000e\000r\000'\000s\000\040\000M\000e\000t\000h\000o\000d}{chapter.9}% 49
\BOOKMARK [1][-]{section.9.2}{\376\377\0002\000.\000\040\000S\000e\000p\000a\000r\000a\000t\000i\000o\000n\000\040\000o\000f\000\040\000V\000a\000r\000i\000a\000b\000l\000e\000s}{chapter.9}% 50
\BOOKMARK [1][-]{section.9.3}{\376\377\0003\000.\000\040\000M\000o\000d\000e\000l\000i\000n\000g}{chapter.9}% 51
\BOOKMARK [1][-]{section.9.4}{\376\377\0004\000.\000\040\000L\000o\000g\000i\000s\000t\000i\000c\000\040\000G\000r\000o\000w\000t\000h}{chapter.9}% 52
\BOOKMARK [1][-]{section.9.5}{\376\377\0005\000.\000\040\000S\000y\000s\000t\000e\000m\000s\000\040\000o\000f\000\040\000D\000i\000f\000f\000e\000r\000e\000n\000t\000i\000a\000l\000\040\000E\000q\000u\000a\000t\000i\000o\000n\000s}{chapter.9}% 53
\BOOKMARK [1][-]{section.9.6}{\376\377\0006\000.\000\040\000R\000e\000d\000u\000c\000e\000\040\0002\000n\000d\000\040\000o\000r\000d\000e\000r\000\040\000e\000q\000u\000a\000t\000i\000o\000n\000s\000\040\000t\000o\000\040\000t\000w\000o\000\040\0001\000s\000t\000\040\000o\000r\000d\000e\000r\000\040\000e\000q\000u\000a\000t\000i\000o\000n\000s}{chapter.9}% 54
\BOOKMARK [0][-]{chapter.10}{\376\377\000C\000h\000a\000p\000t\000e\000r\000\040\0001\0000\000.\000\040\000M\000o\000r\000e\000\040\000A\000p\000p\000l\000i\000c\000a\000t\000i\000o\000n\000s\000\040\000o\000f\000\040\000I\000n\000t\000e\000g\000r\000a\000t\000i\000o\000n}{}% 55
\BOOKMARK [0][-]{chapter.11}{\376\377\000C\000h\000a\000p\000t\000e\000r\000\040\0001\0001\000.\000\040\000I\000n\000f\000i\000n\000i\000t\000e\000\040\000S\000e\000r\000i\000e\000s}{}% 56
\BOOKMARK [0][-]{chapter.12}{\376\377\000C\000h\000a\000p\000t\000e\000r\000\040\0001\0002\000.\000\040\000C\000o\000n\000i\000c\000s\000,\000\040\000P\000a\000r\000a\000m\000e\000t\000r\000i\000c\000\040\000E\000q\000u\000a\000t\000i\000o\000n\000s\000,\000\040\000P\000o\000l\000a\000r\000\040\000C\000o\000o\000r\000d\000i\000n\000a\000t\000e\000s}{}% 57
\BOOKMARK [0][-]{chapter.13}{\376\377\000C\000h\000a\000p\000t\000e\000r\000\040\0001\0003\000.\000\040\000V\000e\000c\000t\000o\000r\000s\000\040\000a\000n\000d\000\040\000t\000h\000e\000\040\000G\000e\000o\000m\000e\000t\000r\000y\000\040\000o\000f\000\040\000R\0003}{}% 58
\BOOKMARK [0][-]{chapter.14}{\376\377\000C\000h\000a\000p\000t\000e\000r\000\040\0001\0004\000.\000\040\000V\000e\000c\000t\000o\000r\000\040\000V\000a\000l\000u\000e\000d\000\040\000F\000u\000n\000c\000t\000i\000o\000n\000s}{}% 59
\BOOKMARK [0][-]{chapter.15}{\376\377\000C\000h\000a\000p\000t\000e\000r\000\040\0001\0005\000.\000\040\000T\000h\000e\000\040\000P\000a\000r\000t\000i\000a\000l\000\040\000D\000e\000r\000i\000v\000a\000t\000i\000v\000e\000\040\000a\000n\000d\000\040\000F\000u\000n\000c\000t\000i\000o\000n\000\040\000o\000f\000\040\000S\000e\000v\000e\000r\000a\000l\000\040\000V\000a\000r\000i\000a\000b\000l\000e\000s}{}% 60
\BOOKMARK [0][-]{chapter.16}{\376\377\000C\000h\000a\000p\000t\000e\000r\000\040\0001\0006\000.\000\040\000T\000h\000e\000\040\000G\000r\000a\000d\000i\000e\000n\000t\000\040\000a\000n\000d\000\040\000t\000h\000e\000\040\000M\000e\000t\000h\000o\000d\000\040\000o\000f\000\040\000L\000a\000g\000r\000a\000n\000g\000e\000\040\000M\000u\000l\000t\000i\000p\000l\000i\000e\000r\000s}{}% 61
\BOOKMARK [0][-]{chapter.17}{\376\377\000C\000h\000a\000p\000t\000e\000r\000\040\0001\0007\000.\000\040\000T\000h\000e\000\040\000D\000e\000r\000i\000v\000a\000t\000i\000v\000e\000\040\000o\000f\000\040\000m\000a\000p\000s\000\040\000f\000r\000o\000m\000\040\000R\000n\000\040\000R\000m}{}% 62
\BOOKMARK [0][-]{chapter.18}{\376\377\000C\000h\000a\000p\000t\000e\000r\000\040\0001\0008\000.\000\040\000L\000o\000n\000g\000e\000r\000\040\000P\000r\000o\000b\000l\000e\000m\000\040\000S\000e\000t\000s}{}% 63
\BOOKMARK [1][-]{section*.3}{\376\377\000W\000o\000r\000k\000i\000n\000g\000\040\000w\000i\000t\000h\000\040\000P\000a\000r\000a\000m\000e\000t\000e\000r\000s\000\040\000a\000n\000d\000\040\000t\000h\000e\000\040\000D\000e\000r\000i\000v\000a\000t\000i\000v\000e}{chapter.18}% 64
\BOOKMARK [1][-]{section*.6}{\376\377\000A\000n\000\040\000A\000l\000g\000o\000r\000i\000t\000h\000m\000\040\000t\000o\000\040\000F\000i\000n\000d\000\040\000R\000o\000o\000t\000s}{chapter.18}% 65
\BOOKMARK [1][-]{section.18.1}{\376\377\0001\000.\000\040\000I\000n\000s\000t\000a\000n\000t\000a\000n\000e\000o\000u\000s\000\040\000R\000a\000t\000e\000\040\000o\000f\000\040\000T\000u\000r\000n\000i\000n\000g}{chapter.18}% 66
\BOOKMARK [1][-]{section*.7}{\376\377\000E\000f\000f\000i\000c\000i\000e\000n\000t\000\040\000F\000o\000r\000a\000g\000i\000n\000g}{chapter.18}% 67
\BOOKMARK [1][-]{section.18.2}{\376\377\0002\000.\000\040\000W\000h\000e\000n\000\040\000i\000s\000\040\000V\000e\000n\000u\000s\000\040\000B\000r\000i\000g\000h\000t\000\040\000i\000n\000\040\000t\000h\000e\000\040\000S\000k\000y\000?}{chapter.18}% 68
\BOOKMARK [1][-]{section.18.3}{\376\377\0003\000.\000\040\000R\000a\000i\000n\000b\000o\000w\000s}{chapter.18}% 69
\BOOKMARK [1][-]{section.18.4}{\376\377\0004\000.\000\040\000C\000o\000n\000s\000t\000r\000u\000c\000t\000i\000n\000g\000\040\000t\000h\000e\000\040\000D\000e\000m\000a\000n\000d\000\040\000C\000u\000r\000v\000e}{chapter.18}% 70
\BOOKMARK [1][-]{section.18.5}{\376\377\0005\000.\000\040\000T\000h\000e\000\040\000S\000h\000a\000p\000e\000\040\000o\000f\000\040\000B\000e\000e\000\040\000H\000i\000v\000e\000\040\000C\000e\000l\000l\000s}{chapter.18}% 71
\BOOKMARK [1][-]{section.18.6}{\376\377\0006\000.\000\040\000T\000h\000e\000\040\000A\000r\000t\000\040\000G\000a\000l\000l\000e\000r\000y\000\040\000P\000r\000o\000b\000l\000e\000m}{chapter.18}% 72
\BOOKMARK [1][-]{section.18.7}{\376\377\0007\000.\000\040\000G\000e\000t\000t\000i\000n\000g\000\040\000t\000o\000\040\000\040\000u\000s\000i\000n\000g\000\040\000I\000n\000t\000e\000g\000r\000a\000t\000i\000o\000n\000\040\000b\000y\000\040\000P\000a\000r\000t\000s}{chapter.18}% 73
\BOOKMARK [1][-]{section.18.8}{\376\377\0008\000.\000\040\000P\000r\000e\000d\000i\000c\000t\000i\000n\000g\000\040\000P\000e\000a\000k\000\040\000O\000i\000l}{chapter.18}% 74
\BOOKMARK [1][-]{section.18.9}{\376\377\0009\000.\000\040\000S\000I\000R\000:\000\040\000A\000\040\000M\000o\000d\000e\000l\000\040\000f\000o\000r\000\040\000t\000h\000e\000\040\000S\000p\000r\000e\000a\000d\000\040\000o\000f\000\040\000I\000n\000f\000e\000c\000t\000i\000o\000u\000s\000\040\000D\000i\000s\000e\000a\000s\000e}{chapter.18}% 75
\BOOKMARK [1][-]{section.18.10}{\376\377\0001\0000\000.\000\040\000M\000o\000d\000e\000l\000i\000n\000g\000\040\000A\000i\000r\000\040\000R\000e\000s\000i\000s\000t\000a\000n\000c\000e}{chapter.18}% 76
\BOOKMARK [1][-]{section.18.11}{\376\377\0001\0001\000.\000\040\000A\000\040\000M\000o\000d\000e\000l\000\040\000f\000o\000r\000\040\000C\000o\000m\000b\000a\000t}{chapter.18}% 77
\BOOKMARK [1][-]{section.18.12}{\376\377\0001\0002\000.\000\040\000A\000\040\000M\000o\000d\000e\000l\000\040\000f\000o\000r\000\040\000R\000e\000l\000a\000t\000i\000o\000n\000s\000h\000i\000p\000s}{chapter.18}% 78
\BOOKMARK [0][-]{chapter.19}{\376\377\000C\000h\000a\000p\000t\000e\000r\000\040\0001\0009\000.\000\040\000A\000n\000s\000w\000e\000r\000s}{}% 79
\BOOKMARK [0][-]{chapter*.12}{\376\377\000B\000i\000b\000l\000i\000o\000g\000r\000a\000p\000h\000y}{}% 80
